MultiShimmerExampleActivity/build/outputs/logs/manifest-merger-debug-report.txt
-- Merging decision tree log ---
manifest
ADDED from Shimmer_Java_Android_API_v2.10/MultiShimmerExampleActivity/AndroidManifest.xml:2:1-23:12
	xmlns:android
		ADDED from Shimmer_Java_Android_API_v2.10/MultiShimmerExampleActivity/AndroidManifest.xml:2:11-69
	package
		ADDED from Shimmer_Java_Android_API_v2.10/MultiShimmerExampleActivity/AndroidManifest.xml:3:5-54
	android:versionName
		ADDED from Shimmer_Java_Android_API_v2.10/MultiShimmerExampleActivity/AndroidManifest.xml:5:5-30
	android:versionCode
		ADDED from Shimmer_Java_Android_API_v2.10/MultiShimmerExampleActivity/AndroidManifest.xml:4:5-28
		INJECTED from Shimmer_Java_Android_API_v2.10/MultiShimmerExampleActivity/AndroidManifest.xml
		INJECTED from Shimmer_Java_Android_API_v2.10/MultiShimmerExampleActivity/AndroidManifest.xml
uses-sdk
ADDED from Shimmer_Java_Android_API_v2.10/MultiShimmerExampleActivity/AndroidManifest.xml:6:5-44
MERGED from [Shimmer_Java_Android_API_v2.10:ShimmerAndroidInstrumentDriver:unspecified] AndroidManifest.xml:7:5-9:41
	android:targetSdkVersion
		ADDED from [Shimmer_Java_Android_API_v2.10:ShimmerAndroidInstrumentDriver:unspecified] AndroidManifest.xml:9:9-38
	android:minSdkVersion
		ADDED from Shimmer_Java_Android_API_v2.10/MultiShimmerExampleActivity/AndroidManifest.xml:6:15-41
uses-permission#android.permission.BLUETOOTH_ADMIN
ADDED from Shimmer_Java_Android_API_v2.10/MultiShimmerExampleActivity/AndroidManifest.xml:7:5-90
	android:name
		ADDED from Shimmer_Java_Android_API_v2.10/MultiShimmerExampleActivity/AndroidManifest.xml:7:22-71
uses-permission#android.permission.BLUETOOTH
ADDED from Shimmer_Java_Android_API_v2.10/MultiShimmerExampleActivity/AndroidManifest.xml:8:2-81
	android:name
		ADDED from Shimmer_Java_Android_API_v2.10/MultiShimmerExampleActivity/AndroidManifest.xml:8:19-62
application
ADDED from Shimmer_Java_Android_API_v2.10/MultiShimmerExampleActivity/AndroidManifest.xml:9:5-21:19
MERGED from [Shimmer_Java_Android_API_v2.10:ShimmerAndroidInstrumentDriver:unspecified] AndroidManifest.xml:11:5-15:19
	android:allowBackup
		ADDED from [Shimmer_Java_Android_API_v2.10:ShimmerAndroidInstrumentDriver:unspecified] AndroidManifest.xml:12:9-35
	android:label
		ADDED from Shimmer_Java_Android_API_v2.10/MultiShimmerExampleActivity/AndroidManifest.xml:11:9-41
	android:theme
		ADDED from [Shimmer_Java_Android_API_v2.10:ShimmerAndroidInstrumentDriver:unspecified] AndroidManifest.xml:14:9-40
activity#com.shimmerresearch.multishimmerexample.MultiShimmerExampleActivity
ADDED from Shimmer_Java_Android_API_v2.10/MultiShimmerExampleActivity/AndroidManifest.xml:12:9-20:20
	android:label
		ADDED from Shimmer_Java_Android_API_v2.10/MultiShimmerExampleActivity/AndroidManifest.xml:14:13-45
	android:name
		ADDED from Shimmer_Java_Android_API_v2.10/MultiShimmerExampleActivity/AndroidManifest.xml:13:13-95
intent-filter#android.intent.action.MAIN+android.intent.category.LAUNCHER
ADDED from Shimmer_Java_Android_API_v2.10/MultiShimmerExampleActivity/AndroidManifest.xml:15:13-19:29
action#android.intent.action.MAIN
ADDED from Shimmer_Java_Android_API_v2.10/MultiShimmerExampleActivity/AndroidManifest.xml:16:17-69
	android:name
		ADDED from Shimmer_Java_Android_API_v2.10/MultiShimmerExampleActivity/AndroidManifest.xml:16:25-66
category#android.intent.category.LAUNCHER
ADDED from Shimmer_Java_Android_API_v2.10/MultiShimmerExampleActivity/AndroidManifest.xml:18:17-77
	android:name
		ADDED from Shimmer_Java_Android_API_v2.10/MultiShimmerExampleActivity/AndroidManifest.xml:18:27-74